[16Feb2025 00:01:36.728] [Server thread/INFO] [net.minecraft.server.MinecraftServer/]: JackUchihaUwU has made the advancement [Cover Me with Diamonds]
[16Feb2025 00:02:23.671] [Server thread/INFO] [net.minecraft.server.MinecraftServer/]: <JackUchihaUwU> te banqueo
[16Feb2025 00:02:25.270] [Server thread/INFO] [net.minecraft.server.MinecraftServer/]: <JackUchihaUwU> strecho
[16Feb2025 00:02:27.237] [Server thread/INFO] [net.minecraft.server.MinecraftServer/]: <Streeg11> xd
[16Feb2025 00:02:31.972] [Server thread/INFO] [net.minecraft.server.MinecraftServer/]: <JackUchihaUwU> y hago capitan a drg
[16Feb2025 00:02:33.370] [Server thread/INFO] [net.minecraft.server.MinecraftServer/]: <JackUchihaUwU> en one
[16Feb2025 00:02:34.818] [Server thread/INFO] [net.minecraft.server.MinecraftServer/]: <Streeg11> XDXDXD
[16Feb2025 00:03:03.666] [Server thread/INFO] [net.minecraft.server.MinecraftServer/]: <JackUchihaUwU> estrecho
[16Feb2025 00:03:10.067] [Server thread/INFO] [net.minecraft.server.MinecraftServer/]: <JackUchihaUwU> 10k?
[16Feb2025 00:03:12.618] [Server thread/INFO] [net.minecraft.server.MinecraftServer/]: <JackUchihaUwU> viejo
[16Feb2025 00:03:14.475] [Server thread/INFO] [net.minecraft.server.MinecraftServer/]: <Streeg11> 10k puro bajo
[16Feb2025 00:03:15.171] [Server thread/INFO] [net.minecraft.server.MinecraftServer/]: <JackUchihaUwU> hablame de 15
[16Feb2025 00:03:16.273] [Server thread/INFO] [net.minecraft.server.MinecraftServer/]: <JackUchihaUwU> k
[16Feb2025 00:03:18.683] [Server thread/INFO] [net.minecraft.server.MinecraftServer/]: <JackUchihaUwU> para arrib<
[16Feb2025 00:03:44.468] [Server thread/INFO] [net.minecraft.server.MinecraftServer/]: JackUchihaUwU has made the advancement [Epic!]
[16Feb2025 00:10:28.977] [Server thread/INFO] [net.minecraft.server.MinecraftServer/]: [Streeg11: Set the time to 13000]
[16Feb2025 00:11:59.516] [Server thread/INFO] [net.minecraft.server.MinecraftServer/]: Streeg11 has made the advancement [Eterna, Quanta, Arcana]
[16Feb2025 00:16:09.272] [Server thread/INFO] [net.minecraft.server.MinecraftServer/]: Streeg11 has made the advancement [Re-acquired Knowledge]
[16Feb2025 00:16:09.377] [Server thread/INFO] [net.minecraft.server.MinecraftServer/]: Streeg11 has made the advancement [Howling Blades]
[16Feb2025 00:28:12.287] [Server thread/INFO] [net.minecraft.server.MinecraftServer/]: [Streeg11: Set own game mode to Creative Mode]
[16Feb2025 00:28:17.338] [Server thread/INFO] [net.minecraft.server.MinecraftServer/]: [Streeg11: Set own game mode to Survival Mode]
[16Feb2025 00:29:36.363] [Server thread/INFO] [net.minecraft.server.MinecraftServer/]: [Streeg11: Teleported Streeg11 to JackUchihaUwU]
[16Feb2025 00:39:14.120] [Server thread/INFO] [net.minecraft.server.MinecraftServer/]: <JackUchihaUwU> stecho
[16Feb2025 00:39:16.785] [Server thread/INFO] [net.minecraft.server.MinecraftServer/]: <JackUchihaUwU> me pica un huevo
[16Feb2025 00:39:17.520] [Server thread/INFO] [net.minecraft.server.MinecraftServer/]: <Streeg11> dime
[16Feb2025 00:39:20.819] [Server thread/INFO] [net.minecraft.server.MinecraftServer/]: <JackUchihaUwU> me lo puedes rascar?
[16Feb2025 00:39:23.874] [Server thread/INFO] [net.minecraft.server.MinecraftServer/]: <JackUchihaUwU> con tus dientes
[16Feb2025 00:39:24.321] [Server thread/INFO] [net.minecraft.server.MinecraftServer/]: <Streeg11> ahora lo llamo a drg
[16Feb2025 00:39:24.841] [Server thread/INFO] [net.minecraft.server.MinecraftServer/]: <JackUchihaUwU> pls
[16Feb2025 00:39:25.636] [Server thread/INFO] [net.minecraft.server.MinecraftServer/]: <Streeg11> un toque
[16Feb2025 00:39:29.923] [Server thread/INFO] [net.minecraft.server.MinecraftServer/]: <JackUchihaUwU> se un buen amigo
[16Feb2025 00:40:57.423] [Server thread/INFO] [net.minecraft.server.MinecraftServer/]: <Streeg11> tas bien mano?
[16Feb2025 00:42:07.827] [Server thread/INFO] [net.minecraft.server.MinecraftServer/]: <JackUchihaUwU> dx
[16Feb2025 00:42:12.777] [Server thread/INFO] [net.minecraft.server.MinecraftServer/]: <Streeg11> la kgda ese maligno
[16Feb2025 00:42:15.928] [Server thread/INFO] [net.minecraft.server.MinecraftServer/]: <Streeg11> como si fuese gringo
[16Feb2025 00:43:44.624] [Server thread/INFO] [net.minecraft.server.MinecraftServer/]: <JackUchihaUwU> eso
[16Feb2025 00:43:45.219] [Server thread/INFO] [net.minecraft.server.MinecraftServer/]: <Streeg11> wtf
[16Feb2025 00:43:46.316] [Server thread/INFO] [net.minecraft.server.MinecraftServer/]: <JackUchihaUwU> es del diablo
[16Feb2025 00:43:54.227] [Server thread/INFO] [net.minecraft.server.MinecraftServer/]: <JackUchihaUwU> puedes dormir?
[16Feb2025 00:44:00.569] [Server thread/INFO] [net.minecraft.server.MinecraftServer/]: <Streeg11> goi
[16Feb2025 00:44:51.119] [Server thread/INFO] [net.minecraft.server.MinecraftServer/]: <JackUchihaUwU> otra antorcha ps
[16Feb2025 00:44:53.068] [Server thread/INFO] [net.minecraft.server.MinecraftServer/]: <JackUchihaUwU> strecho
[16Feb2025 00:45:57.376] [Server thread/INFO] [net.minecraft.server.MinecraftServer/]: [Streeg11: Set the time to 13000]
[16Feb2025 01:04:55.276] [Server thread/INFO] [net.minecraft.server.MinecraftServer/]: [Streeg11: Teleported Streeg11 to JackUchihaUwU]
[16Feb2025 01:05:03.475] [Server thread/WARN] [net.minecraft.server.network.ServerGamePacketListenerImpl/]: Streeg11 moved wrongly!
[16Feb2025 01:18:49.471] [Server thread/INFO] [net.minecraft.server.MinecraftServer/]: <JackUchihaUwU> dx
[16Feb2025 01:28:50.973] [Server thread/INFO] [net.minecraft.server.MinecraftServer/]: JackUchihaUwU has made the advancement [Lets Break It Down]
[16Feb2025 01:31:58.973] [Server thread/INFO] [net.minecraft.server.MinecraftServer/]: JackUchihaUwU has made the advancement [Encino Man]
